Using pre-set license
Built from '2020.3/release' branch; Version is '2020.3.2f1 (8fd9074bf66c) revision 9427207'; Using compiler version '192528614'; Build Type 'Release'
OS: 'Windows 10 Home; OS build 19042.985; Version 2009; 64bit' Language: 'en' Physical Memory: 16295 MB
BatchMode: 1, IsHumanControllingUs: 0, StartBugReporterOnCrash: 0, Is64bit: 1, IsPro: 0

 COMMAND LINE ARGUMENTS:
D:\Program Files (x86)\Unity\2020.3.2f1\Editor\Unity.exe
-adb2
-batchMode
-noUpm
-name
AssetImportWorker0
-projectPath
C:/0.2 UnityTemp/Week 7
-logFile
Logs/AssetImportWorker0.log
-srvPort
60038
Successfully changed project path to: C:/0.2 UnityTemp/Week 7
C:/0.2 UnityTemp/Week 7
Using Asset Import Pipeline V2.
Refreshing native plugins compatible for Editor in 28.31 ms, found 0 plugins.
Preloading 0 native plugins for Editor in 0.00 ms.
Initialize engine version: 2020.3.2f1 (8fd9074bf66c)
[Subsystems] Discovering subsystems at path D:/Program Files (x86)/Unity/2020.3.2f1/Editor/Data/Resources/UnitySubsystems
[Subsystems] Discovering subsystems at path C:/0.2 UnityTemp/Week 7/Assets
GfxDevice: creating device client; threaded=0
Direct3D:
    Version:  Direct3D 11.0 [level 11.1]
    Renderer: NVIDIA GeForce RTX 2070 (ID=0x1f02)
    Vendor:   
    VRAM:     8031 MB
    Driver:   27.21.14.5751
Initialize mono
Mono path[0] = 'D:/Program Files (x86)/Unity/2020.3.2f1/Editor/Data/Managed'
Mono path[1] = 'D:/Program Files (x86)/Unity/2020.3.2f1/Editor/Data/MonoBleedingEdge/lib/mono/unityjit'
Mono config path = 'D:/Program Files (x86)/Unity/2020.3.2f1/Editor/Data/MonoBleedingEdge/etc'
Using monoOptions --debugger-agent=transport=dt_socket,embedding=1,server=y,suspend=n,address=127.0.0.1:56692
Begin MonoManager ReloadAssembly
Registering precompiled unity dll's ...
Register platform support module: D:/Program Files (x86)/Unity/2020.3.2f1/Editor/Data/PlaybackEngines/WebGLSupport/UnityEditor.WebGL.Extensions.dll
Register platform support module: D:/Program Files (x86)/Unity/2020.3.2f1/Editor/Data/PlaybackEngines/MacStandaloneSupport/UnityEditor.OSXStandalone.Extensions.dll
Register platform support module: D:/Program Files (x86)/Unity/2020.3.2f1/Editor/Data/PlaybackEngines/WindowsStandaloneSupport/UnityEditor.WindowsStandalone.Extensions.dll
Registered in 0.000996 seconds.
Native extension for WindowsStandalone target not found
Native extension for OSXStandalone target not found
Native extension for WebGL target not found
Refreshing native plugins compatible for Editor in 30.65 ms, found 0 plugins.
Preloading 0 native plugins for Editor in 0.00 ms.
Invoked RoslynAnalysisRunner static constructor.
RoslynAnalysisRunner will not be running.
RoslynAnalysisRunner has terminated.
Mono: successfully reloaded assembly
- Completed reload, in  1.101 seconds
Platform modules already initialized, skipping
Registering precompiled user dll's ...
Registered in 0.000556 seconds.
Begin MonoManager ReloadAssembly
Native extension for WindowsStandalone target not found
Native extension for OSXStandalone target not found
Native extension for WebGL target not found
Refreshing native plugins compatible for Editor in 30.08 ms, found 0 plugins.
Preloading 0 native plugins for Editor in 0.00 ms.
Invoked RoslynAnalysisRunner static constructor.
RoslynAnalysisRunner will not be running.
RoslynAnalysisRunner has terminated.
Mono: successfully reloaded assembly
- Completed reload, in  0.733 seconds
Platform modules already initialized, skipping
========================================================================
Worker process is ready to serve import requests
Launched and connected shader compiler UnityShaderCompiler.exe after 0.03 seconds
Refreshing native plugins compatible for Editor in 0.33 ms, found 0 plugins.
Preloading 0 native plugins for Editor in 0.00 ms.
Unloading 1579 Unused Serialized files (Serialized files now loaded: 0)
System memory in use before: 108.0 MB.
System memory in use after: 108.1 MB.

Unloading 13 unused Assets to reduce memory usage. Loaded Objects now: 2046.
Total: 1.704300 ms (FindLiveObjects: 0.188500 ms CreateObjectMapping: 0.063000 ms MarkObjects: 1.366900 ms  DeleteObjects: 0.085300 ms)

========================================================================
Received Import Request.
  path: Assets/Input
  artifactKey: Guid(e050d81f080dad04bafa9eb01c7f02b0) Importer(815301076,1909f56bfc062723c751e8b465ee728b)
Start importing Assets/Input using Guid(e050d81f080dad04bafa9eb01c7f02b0) Importer(815301076,1909f56bfc062723c751e8b465ee728b)  -> (artifact id: 'd0d0eecf1cfa13ea3d4511faf5e3e7f5') in 0.007102 seconds
  Import took 0.009180 seconds .

========================================================================
Received Import Request.
  Time since last request: 7.673837 seconds.
  path: Assets/Input/First Person Player.inputactions
  artifactKey: Guid(e94959b5522be634ebd3fb88c08ee621) Importer(815301076,1909f56bfc062723c751e8b465ee728b)
Start importing Assets/Input/First Person Player.inputactions using Guid(e94959b5522be634ebd3fb88c08ee621) Importer(815301076,1909f56bfc062723c751e8b465ee728b)  -> (artifact id: '6ca301f5562682de8bb57b097255e24f') in 0.030631 seconds
  Import took 0.032893 seconds .

========================================================================
Received Import Request.
  Time since last request: 0.009836 seconds.
  path: Assets/Input/First Person Player.inputactions
  artifactKey: Guid(e94959b5522be634ebd3fb88c08ee621) Importer(815301076,1909f56bfc062723c751e8b465ee728b)
Start importing Assets/Input/First Person Player.inputactions using Guid(e94959b5522be634ebd3fb88c08ee621) Importer(815301076,1909f56bfc062723c751e8b465ee728b)  -> (artifact id: '6ca301f5562682de8bb57b097255e24f') in 0.002367 seconds
  Import took 0.004526 seconds .

========================================================================
Received Import Request.
  Time since last request: 7.503863 seconds.
  path: Assets/Input/First Person Player.inputactions
  artifactKey: Guid(e94959b5522be634ebd3fb88c08ee621) Importer(815301076,1909f56bfc062723c751e8b465ee728b)
Start importing Assets/Input/First Person Player.inputactions using Guid(e94959b5522be634ebd3fb88c08ee621) Importer(815301076,1909f56bfc062723c751e8b465ee728b)  -> (artifact id: '4cadf29f6b1451eb5ceb0e7efe4cd9ec') in 0.002594 seconds
  Import took 0.004600 seconds .

========================================================================
Received Import Request.
  Time since last request: 0.040313 seconds.
  path: Assets/Input/First Person Player.inputactions
  artifactKey: Guid(e94959b5522be634ebd3fb88c08ee621) Importer(815301076,1909f56bfc062723c751e8b465ee728b)
Start importing Assets/Input/First Person Player.inputactions using Guid(e94959b5522be634ebd3fb88c08ee621) Importer(815301076,1909f56bfc062723c751e8b465ee728b)  -> (artifact id: '4cadf29f6b1451eb5ceb0e7efe4cd9ec') in 0.002360 seconds
  Import took 0.004414 seconds .

========================================================================
Received Prepare
Registering precompiled user dll's ...
Registered in 0.000539 seconds.
Begin MonoManager ReloadAssembly
Native extension for WindowsStandalone target not found
Native extension for OSXStandalone target not found
Native extension for WebGL target not found
Refreshing native plugins compatible for Editor in 0.32 ms, found 0 plugins.
Preloading 0 native plugins for Editor in 0.00 ms.
Invoked RoslynAnalysisRunner static constructor.
RoslynAnalysisRunner will not be running.
RoslynAnalysisRunner has terminated.
Mono: successfully reloaded assembly
- Completed reload, in  0.664 seconds
Platform modules already initialized, skipping
Refreshing native plugins compatible for Editor in 0.31 ms, found 0 plugins.
Preloading 0 native plugins for Editor in 0.00 ms.
Unloading 1473 Unused Serialized files (Serialized files now loaded: 0)
System memory in use before: 98.1 MB.
System memory in use after: 98.1 MB.

Unloading 6 unused Assets to reduce memory usage. Loaded Objects now: 2050.
Total: 1.584100 ms (FindLiveObjects: 0.134700 ms CreateObjectMapping: 0.042300 ms MarkObjects: 1.349900 ms  DeleteObjects: 0.056500 ms)

========================================================================
Received Import Request.
  Time since last request: 263.516035 seconds.
  path: Assets/Input/First Person Player.inputactions
  artifactKey: Guid(e94959b5522be634ebd3fb88c08ee621) Importer(815301076,1909f56bfc062723c751e8b465ee728b)
Start importing Assets/Input/First Person Player.inputactions using Guid(e94959b5522be634ebd3fb88c08ee621) Importer(815301076,1909f56bfc062723c751e8b465ee728b)  -> (artifact id: 'abbcd6977d4e46f0cd8cc4984520288c') in 0.020943 seconds
  Import took 0.023678 seconds .

========================================================================
Received Import Request.
  Time since last request: 0.013585 seconds.
  path: Assets/Input/First Person Player.inputactions
  artifactKey: Guid(e94959b5522be634ebd3fb88c08ee621) Importer(815301076,1909f56bfc062723c751e8b465ee728b)
Start importing Assets/Input/First Person Player.inputactions using Guid(e94959b5522be634ebd3fb88c08ee621) Importer(815301076,1909f56bfc062723c751e8b465ee728b)  -> (artifact id: 'abbcd6977d4e46f0cd8cc4984520288c') in 0.003215 seconds
  Import took 0.005280 seconds .

========================================================================
Received Prepare
Registering precompiled user dll's ...
Registered in 0.000561 seconds.
Begin MonoManager ReloadAssembly
Native extension for WindowsStandalone target not found
Native extension for OSXStandalone target not found
Native extension for WebGL target not found
Refreshing native plugins compatible for Editor in 0.32 ms, found 0 plugins.
Preloading 0 native plugins for Editor in 0.00 ms.
Invoked RoslynAnalysisRunner static constructor.
RoslynAnalysisRunner will not be running.
RoslynAnalysisRunner has terminated.
Mono: successfully reloaded assembly
- Completed reload, in  0.665 seconds
Platform modules already initialized, skipping
Refreshing native plugins compatible for Editor in 0.32 ms, found 0 plugins.
Preloading 0 native plugins for Editor in 0.00 ms.
Unloading 1473 Unused Serialized files (Serialized files now loaded: 0)
System memory in use before: 98.1 MB.
System memory in use after: 98.2 MB.

Unloading 6 unused Assets to reduce memory usage. Loaded Objects now: 2053.
Total: 1.761100 ms (FindLiveObjects: 0.252200 ms CreateObjectMapping: 0.074300 ms MarkObjects: 1.371800 ms  DeleteObjects: 0.061900 ms)

========================================================================
Received Import Request.
  Time since last request: 16.879398 seconds.
  path: Assets/Scripts/FirstPersonExplorer
  artifactKey: Guid(93789bb6713d8c24cbc442a813ebcad5) Importer(815301076,1909f56bfc062723c751e8b465ee728b)
Start importing Assets/Scripts/FirstPersonExplorer using Guid(93789bb6713d8c24cbc442a813ebcad5) Importer(815301076,1909f56bfc062723c751e8b465ee728b)  -> (artifact id: 'b9fd73ba34b2444d40ee8bc7bca16afe') in 0.007217 seconds
  Import took 0.009503 seconds .

========================================================================
Received Import Request.
  Time since last request: 1.050819 seconds.
  path: Assets/Scripts/FirstPersonExplorer/FirstPersonCharacter.cs
  artifactKey: Guid(6fdab0f3d35bdec4380415f4ccea368f) Importer(815301076,1909f56bfc062723c751e8b465ee728b)
Start importing Assets/Scripts/FirstPersonExplorer/FirstPersonCharacter.cs using Guid(6fdab0f3d35bdec4380415f4ccea368f) Importer(815301076,1909f56bfc062723c751e8b465ee728b)  -> (artifact id: 'de1d3f09edca039cea77ca496a4a23c8') in 0.010373 seconds
  Import took 0.012521 seconds .

========================================================================
Received Import Request.
  Time since last request: 0.015021 seconds.
  path: Assets/Scripts/FirstPersonExplorer/FirstPersonCharacter.cs
  artifactKey: Guid(6fdab0f3d35bdec4380415f4ccea368f) Importer(815301076,1909f56bfc062723c751e8b465ee728b)
Start importing Assets/Scripts/FirstPersonExplorer/FirstPersonCharacter.cs using Guid(6fdab0f3d35bdec4380415f4ccea368f) Importer(815301076,1909f56bfc062723c751e8b465ee728b)  -> (artifact id: 'de1d3f09edca039cea77ca496a4a23c8') in 0.002038 seconds
  Import took 0.004204 seconds .

========================================================================
Received Import Request.
  Time since last request: 45.670589 seconds.
  path: Assets/Scripts/FirstPersonExplorer/MouseRotator.cs
  artifactKey: Guid(d62904c06cb27b842a213e32b536e897) Importer(815301076,1909f56bfc062723c751e8b465ee728b)
Start importing Assets/Scripts/FirstPersonExplorer/MouseRotator.cs using Guid(d62904c06cb27b842a213e32b536e897) Importer(815301076,1909f56bfc062723c751e8b465ee728b)  -> (artifact id: '9263917116d34a1b04f6ee510edff707') in 0.005481 seconds
  Import took 0.007650 seconds .

========================================================================
Received Import Request.
  Time since last request: 0.002009 seconds.
  path: Assets/Scripts/FirstPersonExplorer/MouseRotator.cs
  artifactKey: Guid(d62904c06cb27b842a213e32b536e897) Importer(815301076,1909f56bfc062723c751e8b465ee728b)
Start importing Assets/Scripts/FirstPersonExplorer/MouseRotator.cs using Guid(d62904c06cb27b842a213e32b536e897) Importer(815301076,1909f56bfc062723c751e8b465ee728b)  -> (artifact id: '9263917116d34a1b04f6ee510edff707') in 0.001976 seconds
  Import took 0.004015 seconds .

========================================================================
Received Import Request.
  Time since last request: 10.029347 seconds.
  path: Assets/Scripts/FirstPersonExplorer/FirstPersonMovement.cs
  artifactKey: Guid(66737f1e9f9e7324ca17ed27111adf06) Importer(815301076,1909f56bfc062723c751e8b465ee728b)
Start importing Assets/Scripts/FirstPersonExplorer/FirstPersonMovement.cs using Guid(66737f1e9f9e7324ca17ed27111adf06) Importer(815301076,1909f56bfc062723c751e8b465ee728b)  -> (artifact id: 'd2d97a361112e53a0d06e3af20524d43') in 0.005604 seconds
  Import took 0.007925 seconds .

========================================================================
Received Prepare
Registering precompiled user dll's ...
Registered in 0.000665 seconds.
Begin MonoManager ReloadAssembly
Native extension for WindowsStandalone target not found
Native extension for OSXStandalone target not found
Native extension for WebGL target not found
Refreshing native plugins compatible for Editor in 0.32 ms, found 0 plugins.
Preloading 0 native plugins for Editor in 0.00 ms.
Invoked RoslynAnalysisRunner static constructor.
RoslynAnalysisRunner will not be running.
RoslynAnalysisRunner has terminated.
Mono: successfully reloaded assembly
- Completed reload, in  0.660 seconds
Platform modules already initialized, skipping
Refreshing native plugins compatible for Editor in 0.30 ms, found 0 plugins.
Preloading 0 native plugins for Editor in 0.00 ms.
Unloading 1474 Unused Serialized files (Serialized files now loaded: 0)
System memory in use before: 98.1 MB.
System memory in use after: 98.2 MB.

Unloading 6 unused Assets to reduce memory usage. Loaded Objects now: 2057.
Total: 1.668500 ms (FindLiveObjects: 0.169500 ms CreateObjectMapping: 0.079100 ms MarkObjects: 1.353100 ms  DeleteObjects: 0.065800 ms)

========================================================================
Received Prepare
Registering precompiled user dll's ...
Registered in 0.000643 seconds.
Begin MonoManager ReloadAssembly
Native extension for WindowsStandalone target not found
Native extension for OSXStandalone target not found
Native extension for WebGL target not found
Refreshing native plugins compatible for Editor in 0.31 ms, found 0 plugins.
Preloading 0 native plugins for Editor in 0.00 ms.
Invoked RoslynAnalysisRunner static constructor.
RoslynAnalysisRunner will not be running.
RoslynAnalysisRunner has terminated.
Mono: successfully reloaded assembly
- Completed reload, in  0.656 seconds
Platform modules already initialized, skipping
Refreshing native plugins compatible for Editor in 0.31 ms, found 0 plugins.
Preloading 0 native plugins for Editor in 0.00 ms.
Unloading 1474 Unused Serialized files (Serialized files now loaded: 0)
System memory in use before: 98.2 MB.
System memory in use after: 98.2 MB.

Unloading 6 unused Assets to reduce memory usage. Loaded Objects now: 2060.
Total: 1.600900 ms (FindLiveObjects: 0.163300 ms CreateObjectMapping: 0.042200 ms MarkObjects: 1.329100 ms  DeleteObjects: 0.065100 ms)

========================================================================
Received Import Request.
  Time since last request: 104.940451 seconds.
  path: Assets/Scripts/FirstPersonExplorer/FirstPersonMovement.cs
  artifactKey: Guid(66737f1e9f9e7324ca17ed27111adf06) Importer(815301076,1909f56bfc062723c751e8b465ee728b)
Start importing Assets/Scripts/FirstPersonExplorer/FirstPersonMovement.cs using Guid(66737f1e9f9e7324ca17ed27111adf06) Importer(815301076,1909f56bfc062723c751e8b465ee728b)  -> (artifact id: '2b6d79ba0d7d0d57e9cf3a0e35ae6169') in 0.003897 seconds
  Import took 0.005957 seconds .

========================================================================
Received Prepare
Registering precompiled user dll's ...
Registered in 0.000520 seconds.
Begin MonoManager ReloadAssembly
Native extension for WindowsStandalone target not found
Native extension for OSXStandalone target not found
Native extension for WebGL target not found
Refreshing native plugins compatible for Editor in 0.31 ms, found 0 plugins.
Preloading 0 native plugins for Editor in 0.00 ms.
Invoked RoslynAnalysisRunner static constructor.
RoslynAnalysisRunner will not be running.
RoslynAnalysisRunner has terminated.
Mono: successfully reloaded assembly
- Completed reload, in  0.649 seconds
Platform modules already initialized, skipping
Refreshing native plugins compatible for Editor in 0.31 ms, found 0 plugins.
Preloading 0 native plugins for Editor in 0.00 ms.
Unloading 1474 Unused Serialized files (Serialized files now loaded: 0)
System memory in use before: 98.2 MB.
System memory in use after: 98.2 MB.

Unloading 6 unused Assets to reduce memory usage. Loaded Objects now: 2063.
Total: 1.680600 ms (FindLiveObjects: 0.208100 ms CreateObjectMapping: 0.064700 ms MarkObjects: 1.342500 ms  DeleteObjects: 0.064200 ms)

========================================================================
Received Import Request.
  Time since last request: 118.395363 seconds.
  path: Assets/Scripts/FirstPersonExplorer/FirstPersonCamera.cs
  artifactKey: Guid(6cea7a2cf1ccaa44594a79bd094cfee0) Importer(815301076,1909f56bfc062723c751e8b465ee728b)
Start importing Assets/Scripts/FirstPersonExplorer/FirstPersonCamera.cs using Guid(6cea7a2cf1ccaa44594a79bd094cfee0) Importer(815301076,1909f56bfc062723c751e8b465ee728b)  -> (artifact id: '44c3281cacdf7543dc4a351bdb50297f') in 0.009323 seconds
  Import took 0.011577 seconds .

========================================================================
Received Prepare
Registering precompiled user dll's ...
Registered in 0.000619 seconds.
Begin MonoManager ReloadAssembly
Native extension for WindowsStandalone target not found
Native extension for OSXStandalone target not found
Native extension for WebGL target not found
Refreshing native plugins compatible for Editor in 0.31 ms, found 0 plugins.
Preloading 0 native plugins for Editor in 0.00 ms.
Invoked RoslynAnalysisRunner static constructor.
RoslynAnalysisRunner will not be running.
RoslynAnalysisRunner has terminated.
Mono: successfully reloaded assembly
- Completed reload, in  0.672 seconds
Platform modules already initialized, skipping
Refreshing native plugins compatible for Editor in 0.30 ms, found 0 plugins.
Preloading 0 native plugins for Editor in 0.00 ms.
Unloading 1475 Unused Serialized files (Serialized files now loaded: 0)
System memory in use before: 98.2 MB.
System memory in use after: 98.3 MB.

Unloading 6 unused Assets to reduce memory usage. Loaded Objects now: 2067.
Total: 1.733400 ms (FindLiveObjects: 0.166900 ms CreateObjectMapping: 0.053800 ms MarkObjects: 1.447500 ms  DeleteObjects: 0.064200 ms)

========================================================================
Received Prepare
Registering precompiled user dll's ...
Registered in 0.000610 seconds.
Begin MonoManager ReloadAssembly
Native extension for WindowsStandalone target not found
Native extension for OSXStandalone target not found
Native extension for WebGL target not found
Refreshing native plugins compatible for Editor in 0.32 ms, found 0 plugins.
Preloading 0 native plugins for Editor in 0.00 ms.
Invoked RoslynAnalysisRunner static constructor.
RoslynAnalysisRunner will not be running.
RoslynAnalysisRunner has terminated.
Mono: successfully reloaded assembly
- Completed reload, in  0.653 seconds
Platform modules already initialized, skipping
Refreshing native plugins compatible for Editor in 0.31 ms, found 0 plugins.
Preloading 0 native plugins for Editor in 0.00 ms.
Unloading 1475 Unused Serialized files (Serialized files now loaded: 0)
System memory in use before: 98.2 MB.
System memory in use after: 98.3 MB.

Unloading 6 unused Assets to reduce memory usage. Loaded Objects now: 2070.
Total: 1.799200 ms (FindLiveObjects: 0.180500 ms CreateObjectMapping: 0.067900 ms MarkObjects: 1.484300 ms  DeleteObjects: 0.065500 ms)

========================================================================
Received Prepare
Registering precompiled user dll's ...
Registered in 0.000615 seconds.
Begin MonoManager ReloadAssembly
Native extension for WindowsStandalone target not found
Native extension for OSXStandalone target not found
Native extension for WebGL target not found
Refreshing native plugins compatible for Editor in 0.32 ms, found 0 plugins.
Preloading 0 native plugins for Editor in 0.00 ms.
Invoked RoslynAnalysisRunner static constructor.
RoslynAnalysisRunner will not be running.
RoslynAnalysisRunner has terminated.
Mono: successfully reloaded assembly
- Completed reload, in  0.650 seconds
Platform modules already initialized, skipping
Refreshing native plugins compatible for Editor in 0.32 ms, found 0 plugins.
Preloading 0 native plugins for Editor in 0.00 ms.
Unloading 1475 Unused Serialized files (Serialized files now loaded: 0)
System memory in use before: 98.2 MB.
System memory in use after: 98.3 MB.

Unloading 6 unused Assets to reduce memory usage. Loaded Objects now: 2073.
Total: 1.675100 ms (FindLiveObjects: 0.178400 ms CreateObjectMapping: 0.068300 ms MarkObjects: 1.368200 ms  DeleteObjects: 0.059600 ms)

========================================================================
Received Prepare
Registering precompiled user dll's ...
Registered in 0.000591 seconds.
Begin MonoManager ReloadAssembly
Native extension for WindowsStandalone target not found
Native extension for OSXStandalone target not found
Native extension for WebGL target not found
Refreshing native plugins compatible for Editor in 0.33 ms, found 0 plugins.
Preloading 0 native plugins for Editor in 0.00 ms.
Invoked RoslynAnalysisRunner static constructor.
RoslynAnalysisRunner will not be running.
RoslynAnalysisRunner has terminated.
Mono: successfully reloaded assembly
- Completed reload, in  0.662 seconds
Platform modules already initialized, skipping
Refreshing native plugins compatible for Editor in 0.30 ms, found 0 plugins.
Preloading 0 native plugins for Editor in 0.00 ms.
Unloading 1475 Unused Serialized files (Serialized files now loaded: 0)
System memory in use before: 98.2 MB.
System memory in use after: 98.3 MB.

Unloading 6 unused Assets to reduce memory usage. Loaded Objects now: 2076.
Total: 1.841600 ms (FindLiveObjects: 0.170900 ms CreateObjectMapping: 0.050600 ms MarkObjects: 1.545200 ms  DeleteObjects: 0.074100 ms)

========================================================================
Received Import Request.
  Time since last request: 88.420135 seconds.
  path: Assets/Input/First Person Player.cs
  artifactKey: Guid(c984d71faea6bad42abe9cbad1daad42) Importer(815301076,1909f56bfc062723c751e8b465ee728b)
Start importing Assets/Input/First Person Player.cs using Guid(c984d71faea6bad42abe9cbad1daad42) Importer(815301076,1909f56bfc062723c751e8b465ee728b)  -> (artifact id: '5c1f83985cd53c1a2046c29ef9d6d625') in 0.003870 seconds
  Import took 0.006012 seconds .

========================================================================
Received Import Request.
  Time since last request: 0.002027 seconds.
  path: Assets/Input/First Person Player.cs
  artifactKey: Guid(c984d71faea6bad42abe9cbad1daad42) Importer(815301076,1909f56bfc062723c751e8b465ee728b)
Start importing Assets/Input/First Person Player.cs using Guid(c984d71faea6bad42abe9cbad1daad42) Importer(815301076,1909f56bfc062723c751e8b465ee728b)  -> (artifact id: '5c1f83985cd53c1a2046c29ef9d6d625') in 0.001996 seconds
  Import took 0.003999 seconds .

========================================================================
Received Import Request.
  Time since last request: 238.844762 seconds.
  path: Assets/Models/3D_Chest/FBX
  artifactKey: Guid(c1fc9607666ed45a9840cc5da91f22a1) Importer(815301076,1909f56bfc062723c751e8b465ee728b)
Start importing Assets/Models/3D_Chest/FBX using Guid(c1fc9607666ed45a9840cc5da91f22a1) Importer(815301076,1909f56bfc062723c751e8b465ee728b)  -> (artifact id: '5e04741704d52203b46cf1b7831ead34') in 0.005357 seconds
  Import took 0.007602 seconds .

========================================================================
Received Prepare
Registering precompiled user dll's ...
Registered in 0.000629 seconds.
Begin MonoManager ReloadAssembly
Native extension for WindowsStandalone target not found
Native extension for OSXStandalone target not found
Native extension for WebGL target not found
Refreshing native plugins compatible for Editor in 0.31 ms, found 0 plugins.
Preloading 0 native plugins for Editor in 0.00 ms.
Invoked RoslynAnalysisRunner static constructor.
RoslynAnalysisRunner will not be running.
RoslynAnalysisRunner has terminated.
Mono: successfully reloaded assembly
- Completed reload, in  0.667 seconds
Platform modules already initialized, skipping
Refreshing native plugins compatible for Editor in 0.32 ms, found 0 plugins.
Preloading 0 native plugins for Editor in 0.00 ms.
Unloading 1475 Unused Serialized files (Serialized files now loaded: 0)
System memory in use before: 98.2 MB.
System memory in use after: 98.3 MB.

Unloading 6 unused Assets to reduce memory usage. Loaded Objects now: 2079.
Total: 1.645800 ms (FindLiveObjects: 0.158900 ms CreateObjectMapping: 0.049200 ms MarkObjects: 1.373200 ms  DeleteObjects: 0.063600 ms)

AssetImportWorkerClient::OnTransportError - code=2 error=End of file
